*** Reading local file: /opt/airflow/logs/increment/0_3/2021-08-30T04:03:05.174490+00:00/1.log
[2021-08-30 04:03:34,613] {taskinstance.py:903} INFO - Dependencies all met for <TaskInstance: increment.0_3 2021-08-30T04:03:05.174490+00:00 [queued]>
[2021-08-30 04:03:34,622] {taskinstance.py:903} INFO - Dependencies all met for <TaskInstance: increment.0_3 2021-08-30T04:03:05.174490+00:00 [queued]>
[2021-08-30 04:03:34,622] {taskinstance.py:1094} INFO - 
--------------------------------------------------------------------------------
[2021-08-30 04:03:34,622] {taskinstance.py:1095} INFO - Starting attempt 1 of 1
[2021-08-30 04:03:34,622] {taskinstance.py:1096} INFO - 
--------------------------------------------------------------------------------
[2021-08-30 04:03:34,636] {taskinstance.py:1114} INFO - Executing <Task(_PythonDecoratedOperator): 0_3> on 2021-08-30T04:03:05.174490+00:00
[2021-08-30 04:03:34,639] {standard_task_runner.py:52} INFO - Started process 13 to run task
[2021-08-30 04:03:34,642] {standard_task_runner.py:76} INFO - Running: ['airflow', 'tasks', 'run', 'increment', '0_3', '2021-08-30T04:03:05.174490+00:00', '--job-id', '5', '--pool', 'default_pool', '--raw', '--subdir', 'DAGS_FOLDER/bad.py', '--cfg-path', '/tmp/tmpuxuaydcu', '--error-file', '/tmp/tmpkcmsa64z']
[2021-08-30 04:03:34,643] {standard_task_runner.py:77} INFO - Job 5: Subtask 0_3
[2021-08-30 04:03:34,684] {logging_mixin.py:109} INFO - Running <TaskInstance: increment.0_3 2021-08-30T04:03:05.174490+00:00 [running]> on host increment03.4995a5a946d14d5e9360b338c1251a78
[2021-08-30 04:03:34,757] {taskinstance.py:1251} INFO - Exporting the following env vars:
AIRFLOW_CTX_DAG_OWNER=airflow
AIRFLOW_CTX_DAG_ID=increment
AIRFLOW_CTX_TASK_ID=0_3
AIRFLOW_CTX_EXECUTION_DATE=2021-08-30T04:03:05.174490+00:00
AIRFLOW_CTX_DAG_RUN_ID=manual__2021-08-30T04:03:05.174490+00:00
[2021-08-30 04:03:34,757] {logging_mixin.py:109} INFO - command:
[2021-08-30 04:03:34,757] {logging_mixin.py:109} INFO - kubectl run surnqde --rm -n freezebug --restart=Never -i --image=bash -- sleep 0.3
[2021-08-30 04:03:34,767] {sh.py:670} INFO - <Command "/bin/sh -c 'kubectl run surnqde --rm -n freezebug --restart=Never -i --image=bash -- sleep 0.3'", pid 14>: process started
[2021-08-30 04:03:37,058] {logging_mixin.py:109} INFO - result:
[2021-08-30 04:03:37,058] {logging_mixin.py:109} INFO - pod "surnqde" deleted
[2021-08-30 04:03:37,058] {logging_mixin.py:109} INFO - 
[2021-08-30 04:03:37,058] {python.py:151} INFO - Done. Returned value was: None
[2021-08-30 04:03:37,071] {taskinstance.py:1211} INFO - Marking task as SUCCESS. dag_id=increment, task_id=0_3, execution_date=20210830T040305, start_date=20210830T040334, end_date=20210830T040337
[2021-08-30 04:03:37,100] {local_task_job.py:151} INFO - Task exited with return code 0
[2021-08-30 04:03:37,128] {local_task_job.py:261} INFO - 1 downstream tasks scheduled from follow-on schedule check
